<?xml version="1.0" encoding="UTF-8"?>
<!-- Generated by org.testng.reporters.JUnitXMLReporter -->
<testsuite ignored="0" hostname="Deblenovo" failures="0" tests="9" name="Home Page Test" time="33.58" errors="0" timestamp="2025-03-10T12:37:40 CET">
  <testcase classname="com.qa.opencart.tests.HomePageTest" name="EditAccountLinkExistTest" time="0.118"/>
  <testcase classname="com.qa.opencart.tests.HomePageTest" name="headerstest" time="0.089"/>
  <testcase classname="com.qa.opencart.tests.HomePageTest" name="homepagetitletest" time="0.016"/>
  <testcase classname="com.qa.opencart.tests.HomePageTest" name="homepageurltest" time="0.015"/>
  <testcase classname="com.qa.opencart.tests.HomePageTest" name="searchTest" time="3.567"/>
  <testcase classname="com.qa.opencart.tests.HomePageTest" name="searchTest" time="3.559"/>
  <testcase classname="com.qa.opencart.tests.HomePageTest" name="searchTest" time="3.9"/>
  <testcase classname="com.qa.opencart.tests.HomePageTest" name="searchTest" time="3.502"/>
  <testcase classname="com.qa.opencart.tests.HomePageTest" name="searchTest" time="8.842"/>
</testsuite> <!-- Home Page Test -->
