<?xml version="1.0" encoding="UTF-8"?>
<!-- Generated by org.testng.reporters.JUnitXMLReporter -->
<testsuite ignored="0" hostname="Deblenovo" failures="0" tests="4" name="Login Page Test" time="9.583" errors="0" timestamp="2025-03-10T12:37:16 CET">
  <testcase classname="com.qa.opencart.tests.LoginPageTest" name="LoginPageURLTest" time="0.055"/>
  <testcase classname="com.qa.opencart.tests.LoginPageTest" name="LoginTitleTest" time="0.035"/>
  <testcase classname="com.qa.opencart.tests.LoginPageTest" name="forgotPwdLinkExistTest" time="0.737"/>
  <testcase classname="com.qa.opencart.tests.LoginPageTest" name="loginTest" time="3.806"/>
</testsuite> <!-- Login Page Test -->
