<?xml version="1.0" encoding="UTF-8"?>
<!-- Generated by org.testng.reporters.JUnitXMLReporter -->
<testsuite ignored="0" hostname="Deblenovo" failures="0" tests="9" name="Product Info Page Test" time="58.584" errors="0" timestamp="2025-03-10T12:38:05 CET">
  <testcase classname="com.qa.opencart.tests.ProductInfoPageTest" name="productImagesCountTest" time="6.014"/>
  <testcase classname="com.qa.opencart.tests.ProductInfoPageTest" name="productImagesCountTest" time="5.811"/>
  <testcase classname="com.qa.opencart.tests.ProductInfoPageTest" name="productImagesCountTest" time="6.494"/>
  <testcase classname="com.qa.opencart.tests.ProductInfoPageTest" name="productImagesCountTest" time="5.636"/>
  <testcase classname="com.qa.opencart.tests.ProductInfoPageTest" name="productInfoTest" time="4.454"/>
  <testcase classname="com.qa.opencart.tests.ProductInfoPageTest" name="productSearchHeaderTest" time="5.62"/>
  <testcase classname="com.qa.opencart.tests.ProductInfoPageTest" name="productSearchHeaderTest" time="5.591"/>
  <testcase classname="com.qa.opencart.tests.ProductInfoPageTest" name="productSearchHeaderTest" time="5.59"/>
  <testcase classname="com.qa.opencart.tests.ProductInfoPageTest" name="productSearchHeaderTest" time="5.515"/>
</testsuite> <!-- Product Info Page Test -->
