<?xml version="1.0" encoding="UTF-8"?>
<!-- Generated by org.testng.reporters.JUnitXMLReporter -->
<testsuite ignored="2" hostname="Deblenovo" failures="0" tests="4" name="Default test" time="24.73" errors="0" timestamp="2025-03-17T07:53:39 CET">
  <testcase classname="com.qa.opencart.tests.ProductInfoPageTest" name="productImagesCountTest" time="5.038"/>
  <testcase classname="com.qa.opencart.tests.ProductInfoPageTest" name="productImagesCountTest" time="4.934"/>
  <testcase classname="com.qa.opencart.tests.ProductInfoPageTest" name="productImagesCountTest" time="5.184"/>
  <testcase classname="com.qa.opencart.tests.ProductInfoPageTest" name="productImagesCountTest" time="5.036"/>
  <testcase classname="com.qa.opencart.tests.ProductInfoPageTest" name="productSearchHeaderTest" time="0.0">
    <ignored/>
  </testcase> <!-- productSearchHeaderTest -->
  <testcase classname="com.qa.opencart.tests.ProductInfoPageTest" name="productInfoTest" time="0.0">
    <ignored/>
  </testcase> <!-- productInfoTest -->
</testsuite> <!-- Default test -->
