<?xml version="1.0" encoding="UTF-8"?>
<!-- Generated by org.testng.reporters.JUnitXMLReporter -->
<testsuite ignored="0" hostname="Deblenovo" failures="0" tests="9" name="Home Page Test" time="30.043" errors="0" timestamp="2025-03-16T07:27:30 CET">
  <testcase classname="com.qa.opencart.tests.HomePageTest" name="EditAccountLinkExistTest" time="0.477"/>
  <testcase classname="com.qa.opencart.tests.HomePageTest" name="headerstest" time="0.122"/>
  <testcase classname="com.qa.opencart.tests.HomePageTest" name="homepagetitletest" time="0.015"/>
  <testcase classname="com.qa.opencart.tests.HomePageTest" name="homepageurltest" time="0.016"/>
  <testcase classname="com.qa.opencart.tests.HomePageTest" name="searchTest" time="3.814"/>
  <testcase classname="com.qa.opencart.tests.HomePageTest" name="searchTest" time="3.62"/>
  <testcase classname="com.qa.opencart.tests.HomePageTest" name="searchTest" time="4.108"/>
  <testcase classname="com.qa.opencart.tests.HomePageTest" name="searchTest" time="3.618"/>
  <testcase classname="com.qa.opencart.tests.HomePageTest" name="searchTest" time="8.926"/>
</testsuite> <!-- Home Page Test -->
