<?xml version="1.0" encoding="UTF-8"?>
<!-- Generated by org.testng.reporters.JUnitXMLReporter -->
<testsuite ignored="0" hostname="Deblenovo" failures="0" tests="4" name="Login Page Test" time="6.539" errors="0" timestamp="2025-03-16T07:27:06 CET">
  <testcase classname="com.qa.opencart.tests.LoginPageTest" name="LoginPageURLTest" time="0.025"/>
  <testcase classname="com.qa.opencart.tests.LoginPageTest" name="LoginTitleTest" time="0.026"/>
  <testcase classname="com.qa.opencart.tests.LoginPageTest" name="forgotPwdLinkExistTest" time="0.093"/>
  <testcase classname="com.qa.opencart.tests.LoginPageTest" name="loginTest" time="2.111"/>
</testsuite> <!-- Login Page Test -->
