<?xml version="1.0" encoding="UTF-8"?>
<testsuite xmlns:xsi="http://www.w3.org/2001/XMLSchema-instance" xsi:noNamespaceSchemaLocation="https://maven.apache.org/surefire/maven-surefire-plugin/xsd/surefire-test-report.xsd" name="TestSuite" time="50.548" tests="22" errors="0" skipped="0" failures="0">
  <properties>
[...]
</properties>
  <testcase name="LoginPageURLTest" classname="com.qa.opencart.tests.LoginPageTest" time="0.028"/>
  <testcase name="LoginTitleTest" classname="com.qa.opencart.tests.LoginPageTest" time="0.028"/>
  <testcase name="forgotPwdLinkExistTest" classname="com.qa.opencart.tests.LoginPageTest" time="0.091"/>
  <testcase name="EditAccountLinkExistTest" classname="com.qa.opencart.tests.HomePageTest" time="0.086"/>
  <testcase name="headerstest" classname="com.qa.opencart.tests.HomePageTest" time="0.123"/>
  <testcase name="homepagetitletest" classname="com.qa.opencart.tests.HomePageTest" time="0.015"/>
  <testcase name="homepageurltest" classname="com.qa.opencart.tests.HomePageTest" time="0.017"/>
  <testcase name="loginTest" classname="com.qa.opencart.tests.LoginPageTest" time="0.707"/>
  <testcase name="searchTest" classname="com.qa.opencart.tests.HomePageTest" time="3.813"/>
  <testcase name="searchTest" classname="com.qa.opencart.tests.HomePageTest" time="2.174"/>
  <testcase name="searchTest" classname="com.qa.opencart.tests.HomePageTest" time="0.853"/>
  <testcase name="searchTest" classname="com.qa.opencart.tests.HomePageTest" time="3.618"/>
  <testcase name="searchTest" classname="com.qa.opencart.tests.HomePageTest" time="2.859"/>
  <testcase name="productImagesCountTest" classname="com.qa.opencart.tests.ProductInfoPageTest" time="1.446"/>
  <testcase name="productImagesCountTest" classname="com.qa.opencart.tests.ProductInfoPageTest" time="3.255"/>
  <testcase name="productImagesCountTest" classname="com.qa.opencart.tests.ProductInfoPageTest" time="0.99"/>
  <testcase name="productImagesCountTest" classname="com.qa.opencart.tests.ProductInfoPageTest" time="5.077"/>
  <testcase name="productInfoTest" classname="com.qa.opencart.tests.ProductInfoPageTest" time="3.183"/>
  <testcase name="productSearchHeaderTest" classname="com.qa.opencart.tests.ProductInfoPageTest" time="4.832"/>
  <testcase name="productSearchHeaderTest" classname="com.qa.opencart.tests.ProductInfoPageTest" time="4.827"/>
  <testcase name="productSearchHeaderTest" classname="com.qa.opencart.tests.ProductInfoPageTest" time="4.956"/>
  <testcase name="productSearchHeaderTest" classname="com.qa.opencart.tests.ProductInfoPageTest" time="4.902"/>
</testsuite>