<?xml version="1.0" encoding="UTF-8"?>
<testng-results ignored="0" total="22" passed="22" failed="0" skipped="0">
  <reporter-output>
  </reporter-output>
  <suite started-at="2025-03-16T07:27:00 CET" name="Opencart App Test Regression Suite" finished-at="2025-03-16T07:27:49 CET" duration-ms="49762">
    <groups>
    </groups>
    <test started-at="2025-03-16T07:27:00 CET" name="Login Page Test" finished-at="2025-03-16T07:27:06 CET" duration-ms="6539">
      <class name="com.qa.opencart.tests.LoginPageTest">
        <test-method is-config="true" signature="setup()[pri:0, instance:com.qa.opencart.tests.LoginPageTest@b62d79]" started-at="2025-03-16T07:27:00 CET" name="setup" finished-at="2025-03-16T07:27:04 CET" duration-ms="4001" status="PASS">
          <reporter-output>
          </reporter-output>
        </test-method> <!-- setup -->
        <test-method signature="LoginPageURLTest()[pri:0, instance:com.qa.opencart.tests.LoginPageTest@b62d79]" started-at="2025-03-16T07:27:04 CET" name="LoginPageURLTest" finished-at="2025-03-16T07:27:04 CET" duration-ms="25" status="PASS">
          <reporter-output>
          </reporter-output>
        </test-method> <!-- LoginPageURLTest -->
        <test-method signature="LoginTitleTest()[pri:0, instance:com.qa.opencart.tests.LoginPageTest@b62d79]" started-at="2025-03-16T07:27:04 CET" name="LoginTitleTest" finished-at="2025-03-16T07:27:04 CET" duration-ms="26" status="PASS">
          <reporter-output>
          </reporter-output>
        </test-method> <!-- LoginTitleTest -->
        <test-method signature="forgotPwdLinkExistTest()[pri:0, instance:com.qa.opencart.tests.LoginPageTest@b62d79]" started-at="2025-03-16T07:27:04 CET" name="forgotPwdLinkExistTest" finished-at="2025-03-16T07:27:04 CET" duration-ms="93" status="PASS">
          <reporter-output>
          </reporter-output>
        </test-method> <!-- forgotPwdLinkExistTest -->
        <test-method signature="loginTest()[pri:2147483647, instance:com.qa.opencart.tests.LoginPageTest@b62d79]" started-at="2025-03-16T07:27:04 CET" name="loginTest" finished-at="2025-03-16T07:27:06 CET" duration-ms="2111" status="PASS">
          <reporter-output>
          </reporter-output>
        </test-method> <!-- loginTest -->
        <test-method is-config="true" signature="tearDown()[pri:0, instance:com.qa.opencart.tests.LoginPageTest@b62d79]" started-at="2025-03-16T07:27:06 CET" name="tearDown" finished-at="2025-03-16T07:27:06 CET" duration-ms="236" status="PASS">
          <reporter-output>
          </reporter-output>
        </test-method> <!-- tearDown -->
      </class> <!-- com.qa.opencart.tests.LoginPageTest -->
    </test> <!-- Login Page Test -->
    <test started-at="2025-03-16T07:27:00 CET" name="Home Page Test" finished-at="2025-03-16T07:27:30 CET" duration-ms="30043">
      <class name="com.qa.opencart.tests.HomePageTest">
        <test-method is-config="true" signature="setup()[pri:0, instance:com.qa.opencart.tests.HomePageTest@1af2d44a]" started-at="2025-03-16T07:27:00 CET" name="setup" finished-at="2025-03-16T07:27:03 CET" duration-ms="3469" status="PASS">
          <reporter-output>
          </reporter-output>
        </test-method> <!-- setup -->
        <test-method is-config="true" signature="homepagesetup()[pri:0, instance:com.qa.opencart.tests.HomePageTest@1af2d44a]" started-at="2025-03-16T07:27:03 CET" name="homepagesetup" finished-at="2025-03-16T07:27:05 CET" duration-ms="1459" status="PASS">
          <reporter-output>
          </reporter-output>
        </test-method> <!-- homepagesetup -->
        <test-method signature="EditAccountLinkExistTest()[pri:0, instance:com.qa.opencart.tests.HomePageTest@1af2d44a]" started-at="2025-03-16T07:27:05 CET" name="EditAccountLinkExistTest" finished-at="2025-03-16T07:27:05 CET" duration-ms="477" status="PASS">
          <reporter-output>
          </reporter-output>
        </test-method> <!-- EditAccountLinkExistTest -->
        <test-method signature="headerstest()[pri:0, instance:com.qa.opencart.tests.HomePageTest@1af2d44a]" started-at="2025-03-16T07:27:05 CET" name="headerstest" finished-at="2025-03-16T07:27:05 CET" duration-ms="122" status="PASS">
          <reporter-output>
          </reporter-output>
        </test-method> <!-- headerstest -->
        <test-method signature="homepagetitletest()[pri:0, instance:com.qa.opencart.tests.HomePageTest@1af2d44a]" started-at="2025-03-16T07:27:05 CET" name="homepagetitletest" finished-at="2025-03-16T07:27:05 CET" duration-ms="15" status="PASS">
          <reporter-output>
          </reporter-output>
        </test-method> <!-- homepagetitletest -->
        <test-method signature="homepageurltest()[pri:0, instance:com.qa.opencart.tests.HomePageTest@1af2d44a]" started-at="2025-03-16T07:27:05 CET" name="homepageurltest" finished-at="2025-03-16T07:27:05 CET" duration-ms="16" status="PASS">
          <reporter-output>
          </reporter-output>
        </test-method> <!-- homepageurltest -->
        <test-method signature="searchTest(java.lang.String,int)[pri:0, instance:com.qa.opencart.tests.HomePageTest@1af2d44a]" started-at="2025-03-16T07:27:05 CET" name="searchTest" data-provider="getSearchData" finished-at="2025-03-16T07:27:09 CET" duration-ms="3814" status="PASS">
          <params>
            <param index="0">
              <value>
                <![CDATA[macbook]]>
              </value>
            </param>
            <param index="1">
              <value>
                <![CDATA[3]]>
              </value>
            </param>
          </params>
          <reporter-output>
          </reporter-output>
        </test-method> <!-- searchTest -->
        <test-method signature="searchTest(java.lang.String,int)[pri:0, instance:com.qa.opencart.tests.HomePageTest@1af2d44a]" started-at="2025-03-16T07:27:09 CET" name="searchTest" data-provider="getSearchData" finished-at="2025-03-16T07:27:13 CET" duration-ms="3620" status="PASS">
          <params>
            <param index="0">
              <value>
                <![CDATA[imac]]>
              </value>
            </param>
            <param index="1">
              <value>
                <![CDATA[1]]>
              </value>
            </param>
          </params>
          <reporter-output>
          </reporter-output>
        </test-method> <!-- searchTest -->
        <test-method signature="searchTest(java.lang.String,int)[pri:0, instance:com.qa.opencart.tests.HomePageTest@1af2d44a]" started-at="2025-03-16T07:27:13 CET" name="searchTest" data-provider="getSearchData" finished-at="2025-03-16T07:27:17 CET" duration-ms="4108" status="PASS">
          <params>
            <param index="0">
              <value>
                <![CDATA[samsung]]>
              </value>
            </param>
            <param index="1">
              <value>
                <![CDATA[2]]>
              </value>
            </param>
          </params>
          <reporter-output>
          </reporter-output>
        </test-method> <!-- searchTest -->
        <test-method signature="searchTest(java.lang.String,int)[pri:0, instance:com.qa.opencart.tests.HomePageTest@1af2d44a]" started-at="2025-03-16T07:27:17 CET" name="searchTest" data-provider="getSearchData" finished-at="2025-03-16T07:27:20 CET" duration-ms="3618" status="PASS">
          <params>
            <param index="0">
              <value>
                <![CDATA[canon]]>
              </value>
            </param>
            <param index="1">
              <value>
                <![CDATA[1]]>
              </value>
            </param>
          </params>
          <reporter-output>
          </reporter-output>
        </test-method> <!-- searchTest -->
        <test-method signature="searchTest(java.lang.String,int)[pri:0, instance:com.qa.opencart.tests.HomePageTest@1af2d44a]" started-at="2025-03-16T07:27:20 CET" name="searchTest" data-provider="getSearchData" finished-at="2025-03-16T07:27:29 CET" duration-ms="8926" status="PASS">
          <params>
            <param index="0">
              <value>
                <![CDATA[airtel]]>
              </value>
            </param>
            <param index="1">
              <value>
                <![CDATA[0]]>
              </value>
            </param>
          </params>
          <reporter-output>
          </reporter-output>
        </test-method> <!-- searchTest -->
        <test-method is-config="true" signature="tearDown()[pri:0, instance:com.qa.opencart.tests.HomePageTest@1af2d44a]" started-at="2025-03-16T07:27:29 CET" name="tearDown" finished-at="2025-03-16T07:27:30 CET" duration-ms="361" status="PASS">
          <reporter-output>
          </reporter-output>
        </test-method> <!-- tearDown -->
      </class> <!-- com.qa.opencart.tests.HomePageTest -->
    </test> <!-- Home Page Test -->
    <test started-at="2025-03-16T07:27:00 CET" name="Product Info Page Test" finished-at="2025-03-16T07:27:49 CET" duration-ms="49762">
      <class name="com.qa.opencart.tests.ProductInfoPageTest">
        <test-method is-config="true" signature="setup()[pri:0, instance:com.qa.opencart.tests.ProductInfoPageTest@7c24b813]" started-at="2025-03-16T07:27:00 CET" name="setup" finished-at="2025-03-16T07:27:03 CET" duration-ms="3449" status="PASS">
          <reporter-output>
          </reporter-output>
        </test-method> <!-- setup -->
        <test-method is-config="true" signature="productInfoSetup()[pri:0, instance:com.qa.opencart.tests.ProductInfoPageTest@7c24b813]" started-at="2025-03-16T07:27:03 CET" name="productInfoSetup" finished-at="2025-03-16T07:27:05 CET" duration-ms="1842" status="PASS">
          <reporter-output>
          </reporter-output>
        </test-method> <!-- productInfoSetup -->
        <test-method signature="productImagesCountTest(java.lang.String,java.lang.String,int)[pri:0, instance:com.qa.opencart.tests.ProductInfoPageTest@7c24b813]" started-at="2025-03-16T07:27:05 CET" name="productImagesCountTest" data-provider="getProductImageData" finished-at="2025-03-16T07:27:10 CET" duration-ms="5502" status="PASS">
          <params>
            <param index="0">
              <value>
                <![CDATA[macbook]]>
              </value>
            </param>
            <param index="1">
              <value>
                <![CDATA[MacBook Pro]]>
              </value>
            </param>
            <param index="2">
              <value>
                <![CDATA[4]]>
              </value>
            </param>
          </params>
          <reporter-output>
          </reporter-output>
        </test-method> <!-- productImagesCountTest -->
        <test-method signature="productImagesCountTest(java.lang.String,java.lang.String,int)[pri:0, instance:com.qa.opencart.tests.ProductInfoPageTest@7c24b813]" started-at="2025-03-16T07:27:10 CET" name="productImagesCountTest" data-provider="getProductImageData" finished-at="2025-03-16T07:27:16 CET" duration-ms="5430" status="PASS">
          <params>
            <param index="0">
              <value>
                <![CDATA[macbook]]>
              </value>
            </param>
            <param index="1">
              <value>
                <![CDATA[MacBook Air]]>
              </value>
            </param>
            <param index="2">
              <value>
                <![CDATA[4]]>
              </value>
            </param>
          </params>
          <reporter-output>
          </reporter-output>
        </test-method> <!-- productImagesCountTest -->
        <test-method signature="productImagesCountTest(java.lang.String,java.lang.String,int)[pri:0, instance:com.qa.opencart.tests.ProductInfoPageTest@7c24b813]" started-at="2025-03-16T07:27:16 CET" name="productImagesCountTest" data-provider="getProductImageData" finished-at="2025-03-16T07:27:21 CET" duration-ms="5462" status="PASS">
          <params>
            <param index="0">
              <value>
                <![CDATA[imac]]>
              </value>
            </param>
            <param index="1">
              <value>
                <![CDATA[iMac]]>
              </value>
            </param>
            <param index="2">
              <value>
                <![CDATA[3]]>
              </value>
            </param>
          </params>
          <reporter-output>
          </reporter-output>
        </test-method> <!-- productImagesCountTest -->
        <test-method signature="productImagesCountTest(java.lang.String,java.lang.String,int)[pri:0, instance:com.qa.opencart.tests.ProductInfoPageTest@7c24b813]" started-at="2025-03-16T07:27:21 CET" name="productImagesCountTest" data-provider="getProductImageData" finished-at="2025-03-16T07:27:26 CET" duration-ms="5077" status="PASS">
          <params>
            <param index="0">
              <value>
                <![CDATA[samsung]]>
              </value>
            </param>
            <param index="1">
              <value>
                <![CDATA[Samsung SyncMaster 941BW]]>
              </value>
            </param>
            <param index="2">
              <value>
                <![CDATA[1]]>
              </value>
            </param>
          </params>
          <reporter-output>
          </reporter-output>
        </test-method> <!-- productImagesCountTest -->
        <test-method signature="productInfoTest()[pri:0, instance:com.qa.opencart.tests.ProductInfoPageTest@7c24b813]" started-at="2025-03-16T07:27:26 CET" name="productInfoTest" finished-at="2025-03-16T07:27:30 CET" duration-ms="3183" status="PASS">
          <reporter-output>
          </reporter-output>
        </test-method> <!-- productInfoTest -->
        <test-method signature="productSearchHeaderTest(java.lang.String,java.lang.String)[pri:0, instance:com.qa.opencart.tests.ProductInfoPageTest@7c24b813]" started-at="2025-03-16T07:27:30 CET" name="productSearchHeaderTest" data-provider="getProductData" finished-at="2025-03-16T07:27:34 CET" duration-ms="4829" status="PASS">
          <params>
            <param index="0">
              <value>
                <![CDATA[macbook]]>
              </value>
            </param>
            <param index="1">
              <value>
                <![CDATA[MacBook Pro]]>
              </value>
            </param>
          </params>
          <reporter-output>
          </reporter-output>
        </test-method> <!-- productSearchHeaderTest -->
        <test-method signature="productSearchHeaderTest(java.lang.String,java.lang.String)[pri:0, instance:com.qa.opencart.tests.ProductInfoPageTest@7c24b813]" started-at="2025-03-16T07:27:34 CET" name="productSearchHeaderTest" data-provider="getProductData" finished-at="2025-03-16T07:27:39 CET" duration-ms="4827" status="PASS">
          <params>
            <param index="0">
              <value>
                <![CDATA[macbook]]>
              </value>
            </param>
            <param index="1">
              <value>
                <![CDATA[MacBook Air]]>
              </value>
            </param>
          </params>
          <reporter-output>
          </reporter-output>
        </test-method> <!-- productSearchHeaderTest -->
        <test-method signature="productSearchHeaderTest(java.lang.String,java.lang.String)[pri:0, instance:com.qa.opencart.tests.ProductInfoPageTest@7c24b813]" started-at="2025-03-16T07:27:39 CET" name="productSearchHeaderTest" data-provider="getProductData" finished-at="2025-03-16T07:27:44 CET" duration-ms="4954" status="PASS">
          <params>
            <param index="0">
              <value>
                <![CDATA[imac]]>
              </value>
            </param>
            <param index="1">
              <value>
                <![CDATA[iMac]]>
              </value>
            </param>
          </params>
          <reporter-output>
          </reporter-output>
        </test-method> <!-- productSearchHeaderTest -->
        <test-method signature="productSearchHeaderTest(java.lang.String,java.lang.String)[pri:0, instance:com.qa.opencart.tests.ProductInfoPageTest@7c24b813]" started-at="2025-03-16T07:27:44 CET" name="productSearchHeaderTest" data-provider="getProductData" finished-at="2025-03-16T07:27:49 CET" duration-ms="4902" status="PASS">
          <params>
            <param index="0">
              <value>
                <![CDATA[samsung]]>
              </value>
            </param>
            <param index="1">
              <value>
                <![CDATA[Samsung SyncMaster 941BW]]>
              </value>
            </param>
          </params>
          <reporter-output>
          </reporter-output>
        </test-method> <!-- productSearchHeaderTest -->
        <test-method is-config="true" signature="tearDown()[pri:0, instance:com.qa.opencart.tests.ProductInfoPageTest@7c24b813]" started-at="2025-03-16T07:27:49 CET" name="tearDown" finished-at="2025-03-16T07:27:49 CET" duration-ms="240" status="PASS">
          <reporter-output>
          </reporter-output>
        </test-method> <!-- tearDown -->
      </class> <!-- com.qa.opencart.tests.ProductInfoPageTest -->
    </test> <!-- Product Info Page Test -->
  </suite> <!-- Opencart App Test Regression Suite -->
</testng-results>
