<?xml version="1.0" encoding="UTF-8"?>
<testng-results ignored="0" total="4" passed="4" failed="0" skipped="0">
  <reporter-output>
  </reporter-output>
  <suite started-at="2025-03-17T07:53:15 CET" name="Default suite" finished-at="2025-03-17T07:53:39 CET" duration-ms="24730">
    <groups>
    </groups>
    <test started-at="2025-03-17T07:53:15 CET" name="Default test" finished-at="2025-03-17T07:53:39 CET" duration-ms="24730">
      <class name="com.qa.opencart.tests.ProductInfoPageTest">
        <test-method is-config="true" signature="setup()[pri:0, instance:com.qa.opencart.tests.ProductInfoPageTest@196a42c3]" started-at="2025-03-17T07:53:15 CET" name="setup" finished-at="2025-03-17T07:53:18 CET" duration-ms="3201" status="PASS">
          <reporter-output>
          </reporter-output>
        </test-method> <!-- setup -->
        <test-method is-config="true" signature="productInfoSetup()[pri:0, instance:com.qa.opencart.tests.ProductInfoPageTest@196a42c3]" started-at="2025-03-17T07:53:18 CET" name="productInfoSetup" finished-at="2025-03-17T07:53:18 CET" duration-ms="281" status="PASS">
          <reporter-output>
          </reporter-output>
        </test-method> <!-- productInfoSetup -->
        <test-method signature="productImagesCountTest(java.lang.String,java.lang.String,java.lang.String)[pri:0, instance:com.qa.opencart.tests.ProductInfoPageTest@196a42c3]" started-at="2025-03-17T07:53:19 CET" name="productImagesCountTest" data-provider="getProductImageSheetData" finished-at="2025-03-17T07:53:24 CET" duration-ms="5038" status="PASS">
          <params>
            <param index="0">
              <value>
                <![CDATA[macbook]]>
              </value>
            </param>
            <param index="1">
              <value>
                <![CDATA[MacBook Pro]]>
              </value>
            </param>
            <param index="2">
              <value>
                <![CDATA[4]]>
              </value>
            </param>
          </params>
          <reporter-output>
          </reporter-output>
        </test-method> <!-- productImagesCountTest -->
        <test-method signature="productImagesCountTest(java.lang.String,java.lang.String,java.lang.String)[pri:0, instance:com.qa.opencart.tests.ProductInfoPageTest@196a42c3]" started-at="2025-03-17T07:53:24 CET" name="productImagesCountTest" data-provider="getProductImageSheetData" finished-at="2025-03-17T07:53:29 CET" duration-ms="4934" status="PASS">
          <params>
            <param index="0">
              <value>
                <![CDATA[macbook]]>
              </value>
            </param>
            <param index="1">
              <value>
                <![CDATA[MacBook Air]]>
              </value>
            </param>
            <param index="2">
              <value>
                <![CDATA[4]]>
              </value>
            </param>
          </params>
          <reporter-output>
          </reporter-output>
        </test-method> <!-- productImagesCountTest -->
        <test-method signature="productImagesCountTest(java.lang.String,java.lang.String,java.lang.String)[pri:0, instance:com.qa.opencart.tests.ProductInfoPageTest@196a42c3]" started-at="2025-03-17T07:53:29 CET" name="productImagesCountTest" data-provider="getProductImageSheetData" finished-at="2025-03-17T07:53:34 CET" duration-ms="5184" status="PASS">
          <params>
            <param index="0">
              <value>
                <![CDATA[imac ]]>
              </value>
            </param>
            <param index="1">
              <value>
                <![CDATA[iMac]]>
              </value>
            </param>
            <param index="2">
              <value>
                <![CDATA[3]]>
              </value>
            </param>
          </params>
          <reporter-output>
          </reporter-output>
        </test-method> <!-- productImagesCountTest -->
        <test-method signature="productImagesCountTest(java.lang.String,java.lang.String,java.lang.String)[pri:0, instance:com.qa.opencart.tests.ProductInfoPageTest@196a42c3]" started-at="2025-03-17T07:53:34 CET" name="productImagesCountTest" data-provider="getProductImageSheetData" finished-at="2025-03-17T07:53:39 CET" duration-ms="5036" status="PASS">
          <params>
            <param index="0">
              <value>
                <![CDATA[samsung]]>
              </value>
            </param>
            <param index="1">
              <value>
                <![CDATA[Samsung SyncMaster 941BW]]>
              </value>
            </param>
            <param index="2">
              <value>
                <![CDATA[1]]>
              </value>
            </param>
          </params>
          <reporter-output>
          </reporter-output>
        </test-method> <!-- productImagesCountTest -->
        <test-method is-config="true" signature="tearDown()[pri:0, instance:com.qa.opencart.tests.ProductInfoPageTest@196a42c3]" started-at="2025-03-17T07:53:39 CET" name="tearDown" finished-at="2025-03-17T07:53:39 CET" duration-ms="357" status="PASS">
          <reporter-output>
          </reporter-output>
        </test-method> <!-- tearDown -->
      </class> <!-- com.qa.opencart.tests.ProductInfoPageTest -->
    </test> <!-- Default test -->
  </suite> <!-- Default suite -->
</testng-results>
